<?xml version="1.0" encoding="UTF-8"?>
<!-- Generated by org.testng.reporters.JUnitXMLReporter -->
<testsuite ignored="9" hostname="NotebookHP" failures="0" tests="1" name="Crear programaciones" time="0.011" errors="0" timestamp="2020-10-15T22:24:07 ART">
  <testcase classname="test.ProgramaTest" name="addMuchasProgramaciones" time="0.001"/>
  <testcase classname="test.ProgramaTest" name="programaVacio" time="0.0">
    <ignored/>
  </testcase> <!-- programaVacio -->
  <testcase classname="test.ProgramaTest" name="f" time="0.0">
    <ignored/>
  </testcase> <!-- f -->
  <testcase classname="test.ProgramaTest" name="getCantProgramaciones" time="0.0">
    <ignored/>
  </testcase> <!-- getCantProgramaciones -->
  <testcase classname="test.ProgramaTest" name="eliminarProgramaciones" time="0.0">
    <ignored/>
  </testcase> <!-- eliminarProgramaciones -->
  <testcase classname="test.ProgramaTest" name="removeProgramacion" time="0.0">
    <ignored/>
  </testcase> <!-- removeProgramacion -->
  <testcase classname="test.ProgramaTest" name="addProgramacion" time="0.0">
    <ignored/>
  </testcase> <!-- addProgramacion -->
  <testcase classname="test.ProgramaTest" name="addProgramacion" time="0.0">
    <ignored/>
  </testcase> <!-- addProgramacion -->
  <testcase classname="test.ProgramaTest" name="getCantOcurrencias" time="0.0">
    <ignored/>
  </testcase> <!-- getCantOcurrencias -->
  <testcase classname="test.ProgramaTest" name="getCantTareasEntre" time="0.0">
    <ignored/>
  </testcase> <!-- getCantTareasEntre -->
</testsuite> <!-- Crear programaciones -->
