<?xml version="1.0" encoding="UTF-8"?>
<!-- Generated by org.testng.reporters.JUnitXMLReporter -->
<testsuite ignored="0" hostname="NotebookHP" failures="0" tests="19" name="Default test" time="0.133" errors="0" timestamp="2020-10-15T20:46:12 ART">
  <testcase classname="test.ProgramaTest" name="addProgramacion" time="0.008"/>
  <testcase classname="test.ProgramaTest" name="addProgramacion" time="0.003"/>
  <testcase classname="test.ProgramaTest" name="addProgramacion" time="0.001"/>
  <testcase classname="test.ProgramaTest" name="addProgramacion" time="0.002"/>
  <testcase classname="test.ProgramaTest" name="addProgramacion" time="0.001"/>
  <testcase classname="test.ProgramaTest" name="addProgramacion" time="0.001"/>
  <testcase classname="test.ProgramaTest" name="addProgramacion" time="0.002"/>
  <testcase classname="test.ProgramaTest" name="addProgramacion" time="0.002"/>
  <testcase classname="test.ProgramaTest" name="addProgramacion" time="0.001"/>
  <testcase classname="test.ProgramaTest" name="addProgramacion" time="0.001"/>
  <testcase classname="test.ProgramaTest" name="addProgramacion" time="0.002"/>
  <testcase classname="test.ProgramaTest" name="eliminarProgramaciones" time="0.002"/>
  <testcase classname="test.ProgramaTest" name="f" time="0.001"/>
  <testcase classname="test.ProgramaTest" name="f" time="0.002"/>
  <testcase classname="test.ProgramaTest" name="getCantOcurrencias" time="0.001"/>
  <testcase classname="test.ProgramaTest" name="getCantProgramaciones" time="0.0"/>
  <testcase classname="test.ProgramaTest" name="getCantTareasEntre" time="0.003"/>
  <testcase classname="test.ProgramaTest" name="programaVacio" time="0.002"/>
  <testcase classname="test.ProgramaTest" name="removeProgramacion" time="0.001"/>
</testsuite> <!-- Default test -->
