<?xml version="1.0" encoding="UTF-8"?>
<testng-results ignored="7" total="8" passed="1" failed="0" skipped="0">
  <reporter-output>
  </reporter-output>
  <suite started-at="2020-10-15T19:32:10 ART" name="Failed suite [Default suite]" finished-at="2020-10-15T19:32:10 ART" duration-ms="54">
    <groups>
    </groups>
    <test started-at="2020-10-15T19:32:10 ART" name="Obtener tareas entre" finished-at="2020-10-15T19:32:10 ART" duration-ms="54">
      <class name="test.ProgramaTest">
        <test-method is-config="true" signature="beforeSuite()[pri:0, instance:test.ProgramaTest@30b7c004]" started-at="2020-10-15T19:32:10 ART" name="beforeSuite" finished-at="2020-10-15T19:32:10 ART" duration-ms="14" status="PASS">
          <reporter-output>
          </reporter-output>
        </test-method> <!-- beforeSuite -->
        <test-method is-config="true" signature="beforeTest()[pri:0, instance:test.ProgramaTest@30b7c004]" started-at="2020-10-15T19:32:10 ART" name="beforeTest" finished-at="2020-10-15T19:32:10 ART" duration-ms="1" status="PASS">
          <reporter-output>
          </reporter-output>
        </test-method> <!-- beforeTest -->
        <test-method is-config="true" signature="beforeClass()[pri:0, instance:test.ProgramaTest@30b7c004]" started-at="2020-10-15T19:32:10 ART" name="beforeClass" finished-at="2020-10-15T19:32:10 ART" duration-ms="0" status="PASS">
          <reporter-output>
          </reporter-output>
        </test-method> <!-- beforeClass -->
        <test-method is-config="true" signature="beforeMethod()[pri:0, instance:test.ProgramaTest@30b7c004]" started-at="2020-10-15T19:32:10 ART" name="beforeMethod" finished-at="2020-10-15T19:32:10 ART" duration-ms="1" status="PASS">
          <reporter-output>
          </reporter-output>
        </test-method> <!-- beforeMethod -->
        <test-method signature="getCantTareasEntre()[pri:0, instance:test.ProgramaTest@30b7c004]" started-at="2020-10-15T19:32:10 ART" name="getCantTareasEntre" finished-at="2020-10-15T19:32:10 ART" duration-ms="10" status="PASS">
          <reporter-output>
          </reporter-output>
        </test-method> <!-- getCantTareasEntre -->
        <test-method is-config="true" signature="afterMethod()[pri:0, instance:test.ProgramaTest@30b7c004]" started-at="2020-10-15T19:32:10 ART" name="afterMethod" finished-at="2020-10-15T19:32:10 ART" duration-ms="0" status="PASS">
          <reporter-output>
          </reporter-output>
        </test-method> <!-- afterMethod -->
        <test-method is-config="true" signature="afterClass()[pri:0, instance:test.ProgramaTest@30b7c004]" started-at="2020-10-15T19:32:10 ART" name="afterClass" finished-at="2020-10-15T19:32:10 ART" duration-ms="0" status="PASS">
          <reporter-output>
          </reporter-output>
        </test-method> <!-- afterClass -->
        <test-method is-config="true" signature="afterTest()[pri:0, instance:test.ProgramaTest@30b7c004]" started-at="2020-10-15T19:32:10 ART" name="afterTest" finished-at="2020-10-15T19:32:10 ART" duration-ms="0" status="PASS">
          <reporter-output>
          </reporter-output>
        </test-method> <!-- afterTest -->
        <test-method is-config="true" signature="afterSuite()[pri:0, instance:test.ProgramaTest@30b7c004]" started-at="2020-10-15T19:32:10 ART" name="afterSuite" finished-at="2020-10-15T19:32:10 ART" duration-ms="0" status="PASS">
          <reporter-output>
          </reporter-output>
        </test-method> <!-- afterSuite -->
      </class> <!-- test.ProgramaTest -->
    </test> <!-- Obtener tareas entre -->
  </suite> <!-- Failed suite [Default suite] -->
</testng-results>
