<?xml version="1.0" encoding="UTF-8"?>
<testng-results ignored="18" total="20" passed="2" failed="0" skipped="0">
  <reporter-output>
  </reporter-output>
  <suite started-at="2020-10-15T22:24:07 ART" name="Suite basico carga" finished-at="2020-10-15T22:24:07 ART" duration-ms="169">
    <groups>
    </groups>
    <test started-at="2020-10-15T22:24:07 ART" name="Probar la cuenta de ocurrencias" finished-at="2020-10-15T22:24:07 ART" duration-ms="59">
      <class name="test.ProgramaTest">
        <test-method is-config="true" signature="beforeTest()[pri:0, instance:test.ProgramaTest@d706f19]" started-at="2020-10-15T22:24:07 ART" name="beforeTest" finished-at="2020-10-15T22:24:07 ART" duration-ms="1" status="PASS">
          <reporter-output>
          </reporter-output>
        </test-method> <!-- beforeTest -->
        <test-method is-config="true" signature="beforeClass()[pri:0, instance:test.ProgramaTest@d706f19]" started-at="2020-10-15T22:24:07 ART" name="beforeClass" finished-at="2020-10-15T22:24:07 ART" duration-ms="0" status="PASS">
          <reporter-output>
          </reporter-output>
        </test-method> <!-- beforeClass -->
        <test-method is-config="true" signature="beforeMethod()[pri:0, instance:test.ProgramaTest@d706f19]" started-at="2020-10-15T22:24:07 ART" name="beforeMethod" finished-at="2020-10-15T22:24:07 ART" duration-ms="0" status="PASS">
          <reporter-output>
          </reporter-output>
        </test-method> <!-- beforeMethod -->
        <test-method signature="getCantOcurrencias()[pri:0, instance:test.ProgramaTest@d706f19]" started-at="2020-10-15T22:24:07 ART" name="getCantOcurrencias" finished-at="2020-10-15T22:24:07 ART" duration-ms="12" status="PASS">
          <reporter-output>
          </reporter-output>
        </test-method> <!-- getCantOcurrencias -->
        <test-method is-config="true" signature="afterMethod()[pri:0, instance:test.ProgramaTest@d706f19]" started-at="2020-10-15T22:24:07 ART" name="afterMethod" finished-at="2020-10-15T22:24:07 ART" duration-ms="1" status="PASS">
          <reporter-output>
          </reporter-output>
        </test-method> <!-- afterMethod -->
        <test-method is-config="true" signature="afterClass()[pri:0, instance:test.ProgramaTest@d706f19]" started-at="2020-10-15T22:24:07 ART" name="afterClass" finished-at="2020-10-15T22:24:07 ART" duration-ms="1" status="PASS">
          <reporter-output>
          </reporter-output>
        </test-method> <!-- afterClass -->
        <test-method is-config="true" signature="afterTest()[pri:0, instance:test.ProgramaTest@d706f19]" started-at="2020-10-15T22:24:07 ART" name="afterTest" finished-at="2020-10-15T22:24:07 ART" duration-ms="0" status="PASS">
          <reporter-output>
          </reporter-output>
        </test-method> <!-- afterTest -->
      </class> <!-- test.ProgramaTest -->
    </test> <!-- Probar la cuenta de ocurrencias -->
    <test started-at="2020-10-15T22:24:07 ART" name="Crear programaciones" finished-at="2020-10-15T22:24:07 ART" duration-ms="11">
      <class name="test.ProgramaTest">
        <test-method is-config="true" signature="beforeSuite()[pri:0, instance:test.ProgramaTest@51e5fc98]" started-at="2020-10-15T22:24:07 ART" name="beforeSuite" finished-at="2020-10-15T22:24:07 ART" duration-ms="12" status="PASS">
          <reporter-output>
          </reporter-output>
        </test-method> <!-- beforeSuite -->
        <test-method is-config="true" signature="beforeTest()[pri:0, instance:test.ProgramaTest@51e5fc98]" started-at="2020-10-15T22:24:07 ART" name="beforeTest" finished-at="2020-10-15T22:24:07 ART" duration-ms="1" status="PASS">
          <reporter-output>
          </reporter-output>
        </test-method> <!-- beforeTest -->
        <test-method is-config="true" signature="beforeClass()[pri:0, instance:test.ProgramaTest@51e5fc98]" started-at="2020-10-15T22:24:07 ART" name="beforeClass" finished-at="2020-10-15T22:24:07 ART" duration-ms="1" status="PASS">
          <reporter-output>
          </reporter-output>
        </test-method> <!-- beforeClass -->
        <test-method is-config="true" signature="beforeMethod()[pri:0, instance:test.ProgramaTest@51e5fc98]" started-at="2020-10-15T22:24:07 ART" name="beforeMethod" finished-at="2020-10-15T22:24:07 ART" duration-ms="1" status="PASS">
          <reporter-output>
          </reporter-output>
        </test-method> <!-- beforeMethod -->
        <test-method signature="addMuchasProgramaciones(int)[pri:0, instance:test.ProgramaTest@51e5fc98]" started-at="2020-10-15T22:24:07 ART" name="addMuchasProgramaciones" finished-at="2020-10-15T22:24:07 ART" duration-ms="1" status="PASS">
          <params>
            <param index="0">
              <value>
                <![CDATA[10]]>
              </value>
            </param>
          </params>
          <reporter-output>
          </reporter-output>
        </test-method> <!-- addMuchasProgramaciones -->
        <test-method is-config="true" signature="afterMethod()[pri:0, instance:test.ProgramaTest@51e5fc98]" started-at="2020-10-15T22:24:07 ART" name="afterMethod" finished-at="2020-10-15T22:24:07 ART" duration-ms="0" status="PASS">
          <reporter-output>
          </reporter-output>
        </test-method> <!-- afterMethod -->
        <test-method is-config="true" signature="afterClass()[pri:0, instance:test.ProgramaTest@51e5fc98]" started-at="2020-10-15T22:24:07 ART" name="afterClass" finished-at="2020-10-15T22:24:07 ART" duration-ms="1" status="PASS">
          <reporter-output>
          </reporter-output>
        </test-method> <!-- afterClass -->
        <test-method is-config="true" signature="afterTest()[pri:0, instance:test.ProgramaTest@51e5fc98]" started-at="2020-10-15T22:24:07 ART" name="afterTest" finished-at="2020-10-15T22:24:07 ART" duration-ms="0" status="PASS">
          <reporter-output>
          </reporter-output>
        </test-method> <!-- afterTest -->
        <test-method is-config="true" signature="afterSuite()[pri:0, instance:test.ProgramaTest@51e5fc98]" started-at="2020-10-15T22:24:07 ART" name="afterSuite" finished-at="2020-10-15T22:24:07 ART" duration-ms="1" status="PASS">
          <reporter-output>
          </reporter-output>
        </test-method> <!-- afterSuite -->
      </class> <!-- test.ProgramaTest -->
    </test> <!-- Crear programaciones -->
  </suite> <!-- Suite basico carga -->
</testng-results>
